2026-02-24 04:05:41 — INFO — Logger initialized for 01_build_ground_truth
2026-02-24 04:05:41 — INFO — Log file: /home/sundeep/Autowiki_fandom/data/logs/money-heist/ground_truth/20260224_040541_01_build_ground_truth.log
2026-02-24 04:05:41 — INFO — === Starting 01_build_ground_truth for domain=money-heist ===
2026-02-24 04:05:41 — INFO — Building ground truth for domain=money-heist
2026-02-24 04:05:41 — INFO — HTML dir: /home/sundeep/Autowiki_fandom/data/raw/money-heist
2026-02-24 04:05:41 — INFO — Paragraph master: /home/sundeep/Autowiki_fandom/data/processed/money-heist/paragraphs_money-heist.jsonl
2026-02-24 04:05:41 — INFO — Sentence master:  /home/sundeep/Autowiki_fandom/data/processed/money-heist/sentences_money-heist.jsonl
2026-02-24 04:05:41 — INFO — Articles page granularity: /home/sundeep/Autowiki_fandom/data/processed/money-heist/articles_page_granularity_money-heist.jsonl
2026-02-24 04:05:41 — INFO — Articles index: /home/sundeep/Autowiki_fandom/data/processed/money-heist/articles_money-heist.jsonl
2026-02-24 04:05:41 — INFO — Building page_name_to_article_id from 267 HTML files
2026-02-24 04:05:41 — INFO — [page_name_to_article_id] Built mapping for 267 articles
2026-02-24 04:05:44 — INFO — [Progress] Processed 50/267 HTML files; articles=50, paragraphs=275, sentences=643, links=1482
2026-02-24 04:05:48 — INFO — [Progress] Processed 100/267 HTML files; articles=100, paragraphs=541, sentences=1223, links=2725
2026-02-24 04:05:51 — INFO — [Progress] Processed 150/267 HTML files; articles=150, paragraphs=831, sentences=1682, links=3735
2026-02-24 04:05:55 — INFO — [Progress] Processed 200/267 HTML files; articles=200, paragraphs=1081, sentences=2217, links=5129
2026-02-24 04:05:59 — INFO — [Progress] Processed 250/267 HTML files; articles=250, paragraphs=1521, sentences=3588, links=7972
2026-02-24 04:06:00 — INFO — === Ground truth summary ===
2026-02-24 04:06:00 — INFO — Articles:    267
2026-02-24 04:06:00 — INFO — Paragraphs:  1679
2026-02-24 04:06:00 — INFO — Sentences:   3963
2026-02-24 04:06:00 — INFO — Links:       4500
2026-02-24 04:06:00 — INFO — Link type counts: {'other': 646, 'external': 128, 'internal': 3726}
2026-02-24 04:06:00 — INFO — paragraphs_jsonl: /home/sundeep/Autowiki_fandom/data/processed/money-heist/paragraphs_money-heist.jsonl
2026-02-24 04:06:00 — INFO — sentences_jsonl: /home/sundeep/Autowiki_fandom/data/processed/money-heist/sentences_money-heist.jsonl
2026-02-24 04:06:00 — INFO — articles_page_granularity_jsonl: /home/sundeep/Autowiki_fandom/data/processed/money-heist/articles_page_granularity_money-heist.jsonl
2026-02-24 04:06:00 — INFO — articles_index_jsonl: /home/sundeep/Autowiki_fandom/data/processed/money-heist/articles_money-heist.jsonl
2026-02-24 04:06:00 — INFO — paragraphs_csv: /home/sundeep/Autowiki_fandom/data/processed/money-heist/paragraphs_money-heist.csv
2026-02-24 04:06:00 — INFO — paragraph_links_csv: /home/sundeep/Autowiki_fandom/data/processed/money-heist/paragraph_links_money-heist.csv
2026-02-24 04:06:00 — INFO — sentences_csv: /home/sundeep/Autowiki_fandom/data/processed/money-heist/sentences_money-heist.csv
2026-02-24 04:06:00 — INFO — sentence_links_csv: /home/sundeep/Autowiki_fandom/data/processed/money-heist/sentence_links_money-heist.csv
2026-02-24 04:06:00 — INFO — manifest: /home/sundeep/Autowiki_fandom/data/processed/money-heist/manifest.json
2026-02-24 04:06:00 — INFO — Finished 01_build_ground_truth in 19.45 seconds
2026-02-24 04:06:00 — INFO — paragraphs_jsonl: /home/sundeep/Autowiki_fandom/data/processed/money-heist/paragraphs_money-heist.jsonl
2026-02-24 04:06:00 — INFO — sentences_jsonl: /home/sundeep/Autowiki_fandom/data/processed/money-heist/sentences_money-heist.jsonl
2026-02-24 04:06:00 — INFO — articles_page_granularity_jsonl: /home/sundeep/Autowiki_fandom/data/processed/money-heist/articles_page_granularity_money-heist.jsonl
2026-02-24 04:06:00 — INFO — articles_index_jsonl: /home/sundeep/Autowiki_fandom/data/processed/money-heist/articles_money-heist.jsonl
2026-02-24 04:06:00 — INFO — paragraphs_csv: /home/sundeep/Autowiki_fandom/data/processed/money-heist/paragraphs_money-heist.csv
2026-02-24 04:06:00 — INFO — paragraph_links_csv: /home/sundeep/Autowiki_fandom/data/processed/money-heist/paragraph_links_money-heist.csv
2026-02-24 04:06:00 — INFO — sentences_csv: /home/sundeep/Autowiki_fandom/data/processed/money-heist/sentences_money-heist.csv
2026-02-24 04:06:00 — INFO — sentence_links_csv: /home/sundeep/Autowiki_fandom/data/processed/money-heist/sentence_links_money-heist.csv
2026-02-24 04:06:00 — INFO — manifest: /home/sundeep/Autowiki_fandom/data/processed/money-heist/manifest.json
2026-02-24 04:06:00 — INFO — Log file: /home/sundeep/Autowiki_fandom/data/logs/money-heist/ground_truth/20260224_040541_01_build_ground_truth.log
