2026-02-24 03:15:17 — INFO — Log file: /home/sundeep/Autowiki_fandom/data/money-heist/span_id/20260224_031517_01_run_span_id.log
2026-02-24 03:15:17 — INFO — [main] config loaded from /home/sundeep/Autowiki_fandom/configs/span_id.yaml (fandom-style: BILOU, internal links, HF Trainer)
2026-02-24 03:15:17 — INFO — [main] run_id=20260224_031517
2026-02-24 03:15:17 — INFO — [main] research_csv=data/research/span_id_experiments.csv
2026-02-24 03:15:17 — INFO — [main] starting baselines sweep domains=['money-heist'] granularities=['sentence', 'paragraph', 'article'] baselines=['rule_capitalized', 'heuristic_anchor', 'random']
2026-02-24 03:15:17 — INFO — Log file: /home/sundeep/Autowiki_fandom/data/money-heist/span_id/20260224_031517_01_run_span_id.log
2026-02-24 03:15:17 — INFO — [main] baseline domain=money-heist granularity=sentence
2026-02-24 03:15:17 — INFO — [ensure_splits] domain=money-heist granularity=sentence processed_path=data/processed/money-heist/sentences_money-heist.jsonl
2026-02-24 03:15:17 — WARNING — [main] skipping baseline money-heist/sentence: Processed data not found: data/processed/money-heist/sentences_money-heist.jsonl
2026-02-24 03:15:17 — INFO — [main] baseline domain=money-heist granularity=paragraph
2026-02-24 03:15:17 — INFO — [ensure_splits] domain=money-heist granularity=paragraph processed_path=data/processed/money-heist/paragraphs_money-heist.jsonl
2026-02-24 03:15:17 — WARNING — [main] skipping baseline money-heist/paragraph: Processed data not found: data/processed/money-heist/paragraphs_money-heist.jsonl
2026-02-24 03:15:17 — INFO — [main] baseline domain=money-heist granularity=article
2026-02-24 03:15:17 — INFO — [ensure_splits] domain=money-heist granularity=article processed_path=data/processed/money-heist/articles_page_granularity_money-heist.jsonl
2026-02-24 03:15:17 — WARNING — [main] skipping baseline money-heist/article: Processed data not found: data/processed/money-heist/articles_page_granularity_money-heist.jsonl
2026-02-24 03:15:17 — INFO — [main] starting model experiments models=['bert-base-uncased'] seeds=[42, 123, 456] data_fractions=[1.0]
2026-02-24 03:15:17 — INFO — Log file: /home/sundeep/Autowiki_fandom/data/money-heist/span_id/20260224_031517_01_run_span_id.log
2026-02-24 03:15:17 — INFO — [main] model domain=money-heist granularity=sentence
2026-02-24 03:15:17 — INFO — [main] building token dataset domain=money-heist gran=sentence model=bert-base-uncased
2026-02-24 03:15:17 — WARNING — [main] skipping money-heist/sentence: Processed data not found: data/processed/money-heist/sentences_money-heist.jsonl
2026-02-24 03:15:17 — INFO — [main] model domain=money-heist granularity=paragraph
2026-02-24 03:15:17 — INFO — [main] building token dataset domain=money-heist gran=paragraph model=bert-base-uncased
2026-02-24 03:15:17 — WARNING — [main] skipping money-heist/paragraph: Processed data not found: data/processed/money-heist/paragraphs_money-heist.jsonl
2026-02-24 03:15:17 — INFO — [main] model domain=money-heist granularity=article
2026-02-24 03:15:17 — INFO — [main] building token dataset domain=money-heist gran=article model=bert-base-uncased
2026-02-24 03:15:17 — WARNING — [main] skipping money-heist/article: Processed data not found: data/processed/money-heist/articles_page_granularity_money-heist.jsonl
2026-02-24 03:15:17 — INFO — [main] run complete. Results appended to data/research/span_id_experiments.csv
