2026-02-23 19:03:23 — INFO — Log file: /home/sundeep/Autowiki_fandom/data/beverlyhillscop/span_id/20260223_190323_01_run_span_id.log
2026-02-23 19:03:23 — INFO — [main] config loaded from /home/sundeep/Autowiki_fandom/configs/span_id.yaml
2026-02-23 19:03:23 — INFO — [main] run_id=20260223_190323
2026-02-23 19:03:23 — INFO — [main] research_csv=data/research/span_id_experiments.csv
2026-02-23 19:03:23 — INFO — [main] device=cuda
2026-02-23 19:03:23 — INFO — [main] starting baselines sweep domains=['beverlyhillscop'] granularities=['sentence', 'paragraph', 'article'] baselines=['rule_capitalized', 'heuristic_anchor', 'random']
2026-02-23 19:03:23 — INFO — Log file: /home/sundeep/Autowiki_fandom/data/beverlyhillscop/span_id/20260223_190323_01_run_span_id.log
2026-02-23 19:03:23 — INFO — [main] baseline domain=beverlyhillscop granularity=sentence
2026-02-23 19:03:23 — INFO — [ensure_splits] domain=beverlyhillscop granularity=sentence processed_path=data/processed/beverlyhillscop/sentences_beverlyhillscop.jsonl
2026-02-23 19:03:23 — INFO — [ensure_splits] loaded 3441 units from data/processed/beverlyhillscop/sentences_beverlyhillscop.jsonl
2026-02-23 19:03:23 — INFO — [ensure_splits] splits_root=data/span_id/beverlyhillscop/splits train_path=data/span_id/beverlyhillscop/splits/train_sentence.jsonl recreate=False
2026-02-23 19:03:23 — INFO — [ensure_splits] creating new splits (seed=42)
2026-02-23 19:03:23 — INFO — [ensure_splits] created train=2123 val=809 test=509
2026-02-23 19:03:23 — INFO — [ensure_splits] saving splits to data/span_id/beverlyhillscop/splits
2026-02-23 19:03:23 — INFO — [ensure_splits] saved train to data/span_id/beverlyhillscop/splits/train_sentence.jsonl
2026-02-23 19:03:23 — INFO — [ensure_splits] saved split_meta.json to data/span_id/beverlyhillscop/split_meta.json
2026-02-23 19:03:23 — INFO — [ensure_splits] converting units to examples
2026-02-23 19:03:23 — INFO — [ensure_splits] done: train=2123 val=809 test=509 examples
2026-02-23 19:03:23 — INFO — [main] baseline rule_capitalized beverlyhillscop/sentence -> span_f1=0.0000
2026-02-23 19:03:23 — INFO — [main] baseline heuristic_anchor beverlyhillscop/sentence -> span_f1=0.0000
2026-02-23 19:03:23 — INFO — [main] baseline random beverlyhillscop/sentence -> span_f1=0.0006
2026-02-23 19:03:23 — INFO — [main] baseline domain=beverlyhillscop granularity=paragraph
2026-02-23 19:03:23 — INFO — [ensure_splits] domain=beverlyhillscop granularity=paragraph processed_path=data/processed/beverlyhillscop/paragraphs_beverlyhillscop.jsonl
2026-02-23 19:03:23 — INFO — [ensure_splits] loaded 1274 units from data/processed/beverlyhillscop/paragraphs_beverlyhillscop.jsonl
2026-02-23 19:03:23 — INFO — [ensure_splits] splits_root=data/span_id/beverlyhillscop/splits train_path=data/span_id/beverlyhillscop/splits/train_paragraph.jsonl recreate=False
2026-02-23 19:03:23 — INFO — [ensure_splits] creating new splits (seed=42)
2026-02-23 19:03:23 — INFO — [ensure_splits] created train=826 val=255 test=193
2026-02-23 19:03:23 — INFO — [ensure_splits] saving splits to data/span_id/beverlyhillscop/splits
2026-02-23 19:03:23 — INFO — [ensure_splits] saved train to data/span_id/beverlyhillscop/splits/train_paragraph.jsonl
2026-02-23 19:03:23 — INFO — [ensure_splits] saved split_meta.json to data/span_id/beverlyhillscop/split_meta.json
2026-02-23 19:03:23 — INFO — [ensure_splits] converting units to examples
2026-02-23 19:03:23 — INFO — [ensure_splits] done: train=826 val=255 test=193 examples
2026-02-23 19:03:23 — INFO — [main] baseline rule_capitalized beverlyhillscop/paragraph -> span_f1=0.0000
2026-02-23 19:03:23 — INFO — [main] baseline heuristic_anchor beverlyhillscop/paragraph -> span_f1=0.0000
2026-02-23 19:03:23 — INFO — [main] baseline random beverlyhillscop/paragraph -> span_f1=0.0000
2026-02-23 19:03:23 — INFO — [main] baseline domain=beverlyhillscop granularity=article
2026-02-23 19:03:23 — INFO — [ensure_splits] domain=beverlyhillscop granularity=article processed_path=data/processed/beverlyhillscop/articles_page_granularity_beverlyhillscop.jsonl
2026-02-23 19:03:23 — INFO — [ensure_splits] loaded 129 units from data/processed/beverlyhillscop/articles_page_granularity_beverlyhillscop.jsonl
2026-02-23 19:03:23 — INFO — [ensure_splits] splits_root=data/span_id/beverlyhillscop/splits train_path=data/span_id/beverlyhillscop/splits/train_article.jsonl recreate=False
2026-02-23 19:03:23 — INFO — [ensure_splits] creating new splits (seed=42)
2026-02-23 19:03:23 — INFO — [ensure_splits] created train=90 val=19 test=20
2026-02-23 19:03:23 — INFO — [ensure_splits] saving splits to data/span_id/beverlyhillscop/splits
2026-02-23 19:03:23 — INFO — [ensure_splits] saved train to data/span_id/beverlyhillscop/splits/train_article.jsonl
2026-02-23 19:03:23 — INFO — [ensure_splits] saved split_meta.json to data/span_id/beverlyhillscop/split_meta.json
2026-02-23 19:03:23 — INFO — [ensure_splits] converting units to examples
2026-02-23 19:03:23 — INFO — [ensure_splits] done: train=90 val=19 test=20 examples
2026-02-23 19:03:23 — INFO — [main] baseline rule_capitalized beverlyhillscop/article -> span_f1=0.0000
2026-02-23 19:03:23 — INFO — [main] baseline heuristic_anchor beverlyhillscop/article -> span_f1=0.0000
2026-02-23 19:03:23 — INFO — [main] baseline random beverlyhillscop/article -> span_f1=0.0000
2026-02-23 19:03:23 — INFO — [main] starting model experiments models=['bert-base-uncased'] label_schemes=['BIO', 'BILOU'] seeds=[42, 123, 456]
2026-02-23 19:03:23 — INFO — Log file: /home/sundeep/Autowiki_fandom/data/beverlyhillscop/span_id/20260223_190323_01_run_span_id.log
2026-02-23 19:03:23 — INFO — [main] model domain=beverlyhillscop granularity=sentence
2026-02-23 19:03:23 — INFO — [ensure_splits] domain=beverlyhillscop granularity=sentence processed_path=data/processed/beverlyhillscop/sentences_beverlyhillscop.jsonl
2026-02-23 19:03:23 — INFO — [ensure_splits] loaded 3441 units from data/processed/beverlyhillscop/sentences_beverlyhillscop.jsonl
2026-02-23 19:03:23 — INFO — [ensure_splits] splits_root=data/span_id/beverlyhillscop/splits train_path=data/span_id/beverlyhillscop/splits/train_sentence.jsonl recreate=False
2026-02-23 19:03:23 — INFO — [ensure_splits] loading existing splits from disk
2026-02-23 19:03:23 — INFO — [ensure_splits] loaded train=2123 val=809 test=509
2026-02-23 19:03:23 — INFO — [ensure_splits] converting units to examples
2026-02-23 19:03:23 — INFO — [ensure_splits] done: train=2123 val=809 test=509 examples
2026-02-23 19:03:23 — INFO — [main] model=bert-base-uncased loading tokenizer
2026-02-23 19:03:23 — INFO — [main] data_fraction=1.00 train_size=2123
2026-02-23 19:03:23 — INFO — [main] CHECKPOINT experiment model=bert-base-uncased label_scheme=BIO frac=1.00 seed=42
2026-02-23 19:03:23 — INFO — [main] checkpoint_dir=data/span_id/beverlyhillscop/checkpoints/20260223_190323/sentence_beverlyhillscop_bert-base-uncased_seed42 seed=42
2026-02-23 19:03:23 — INFO — [main] encoding train (2123) and val (809) examples
2026-02-23 19:03:53 — INFO — [main] encoded train=2123 val=809
2026-02-23 19:03:53 — INFO — [main] creating dataloaders batch_size=32
2026-02-23 19:03:53 — INFO — [main] creating model bert-base-uncased label_scheme=BIO
2026-02-23 19:03:53 — INFO — [main] starting training domain=beverlyhillscop gran=sentence model=bert-base-uncased seed=42
2026-02-23 19:03:53 — INFO — [train] start checkpoint_dir=data/span_id/beverlyhillscop/checkpoints/20260223_190323/sentence_beverlyhillscop_bert-base-uncased_seed42 epochs=20 lr=5e-05
