2026-02-23 19:34:27 — INFO — Log file: /home/sundeep/Autowiki_fandom/data/beverlyhillscop/span_id/20260223_193427_01_run_span_id.log
2026-02-23 19:34:27 — INFO — [main] config loaded from /home/sundeep/Autowiki_fandom/configs/span_id.yaml (fandom-style: BILOU, internal links, HF Trainer)
2026-02-23 19:34:27 — INFO — [main] run_id=20260223_193427
2026-02-23 19:34:27 — INFO — [main] research_csv=data/research/span_id_experiments.csv
2026-02-23 19:34:27 — INFO — [main] starting baselines sweep domains=['beverlyhillscop'] granularities=['sentence', 'paragraph', 'article'] baselines=['rule_capitalized', 'heuristic_anchor', 'random']
2026-02-23 19:34:27 — INFO — Log file: /home/sundeep/Autowiki_fandom/data/beverlyhillscop/span_id/20260223_193427_01_run_span_id.log
2026-02-23 19:34:27 — INFO — [main] baseline domain=beverlyhillscop granularity=sentence
2026-02-23 19:34:27 — INFO — [ensure_splits] domain=beverlyhillscop granularity=sentence processed_path=data/processed/beverlyhillscop/sentences_beverlyhillscop.jsonl
2026-02-23 19:34:27 — INFO — [ensure_splits] loaded 3441 units from data/processed/beverlyhillscop/sentences_beverlyhillscop.jsonl
2026-02-23 19:34:27 — INFO — [ensure_splits] splits_root=data/span_id/beverlyhillscop/splits train_path=data/span_id/beverlyhillscop/splits/train_sentence.jsonl recreate=False
2026-02-23 19:34:27 — INFO — [ensure_splits] loading existing splits from disk
2026-02-23 19:34:27 — INFO — [ensure_splits] loaded train=2123 val=809 test=509
2026-02-23 19:34:27 — INFO — [ensure_splits] converting units to examples (internal_only=True)
2026-02-23 19:34:28 — INFO — [ensure_splits] done: train=2123 val=809 test=509 examples
2026-02-23 19:34:28 — INFO — [main] baseline rule_capitalized beverlyhillscop/sentence -> val_f1=0.0000 test_f1=0.0000
2026-02-23 19:34:28 — INFO — [main] baseline heuristic_anchor beverlyhillscop/sentence -> val_f1=0.0000 test_f1=0.0000
2026-02-23 19:34:28 — INFO — [main] baseline random beverlyhillscop/sentence -> val_f1=0.0006 test_f1=0.0000
2026-02-23 19:34:28 — INFO — [main] baseline domain=beverlyhillscop granularity=paragraph
2026-02-23 19:34:28 — INFO — [ensure_splits] domain=beverlyhillscop granularity=paragraph processed_path=data/processed/beverlyhillscop/paragraphs_beverlyhillscop.jsonl
2026-02-23 19:34:28 — INFO — [ensure_splits] loaded 1274 units from data/processed/beverlyhillscop/paragraphs_beverlyhillscop.jsonl
2026-02-23 19:34:28 — INFO — [ensure_splits] splits_root=data/span_id/beverlyhillscop/splits train_path=data/span_id/beverlyhillscop/splits/train_paragraph.jsonl recreate=False
2026-02-23 19:34:28 — INFO — [ensure_splits] loading existing splits from disk
2026-02-23 19:34:28 — INFO — [ensure_splits] loaded train=826 val=255 test=193
2026-02-23 19:34:28 — INFO — [ensure_splits] converting units to examples (internal_only=True)
2026-02-23 19:34:28 — INFO — [ensure_splits] done: train=826 val=255 test=193 examples
2026-02-23 19:34:28 — INFO — [main] baseline rule_capitalized beverlyhillscop/paragraph -> val_f1=0.0000 test_f1=0.0000
2026-02-23 19:34:28 — INFO — [main] baseline heuristic_anchor beverlyhillscop/paragraph -> val_f1=0.0000 test_f1=0.0000
2026-02-23 19:34:28 — INFO — [main] baseline random beverlyhillscop/paragraph -> val_f1=0.0000 test_f1=0.0000
2026-02-23 19:34:28 — INFO — [main] baseline domain=beverlyhillscop granularity=article
2026-02-23 19:34:28 — INFO — [ensure_splits] domain=beverlyhillscop granularity=article processed_path=data/processed/beverlyhillscop/articles_page_granularity_beverlyhillscop.jsonl
2026-02-23 19:34:28 — INFO — [ensure_splits] loaded 129 units from data/processed/beverlyhillscop/articles_page_granularity_beverlyhillscop.jsonl
2026-02-23 19:34:28 — INFO — [ensure_splits] splits_root=data/span_id/beverlyhillscop/splits train_path=data/span_id/beverlyhillscop/splits/train_article.jsonl recreate=False
2026-02-23 19:34:28 — INFO — [ensure_splits] loading existing splits from disk
2026-02-23 19:34:28 — INFO — [ensure_splits] loaded train=90 val=19 test=20
2026-02-23 19:34:28 — INFO — [ensure_splits] converting units to examples (internal_only=True)
2026-02-23 19:34:28 — INFO — [ensure_splits] done: train=90 val=19 test=20 examples
2026-02-23 19:34:28 — INFO — [main] baseline rule_capitalized beverlyhillscop/article -> val_f1=0.0000 test_f1=0.0000
2026-02-23 19:34:28 — INFO — [main] baseline heuristic_anchor beverlyhillscop/article -> val_f1=0.0000 test_f1=0.0000
2026-02-23 19:34:28 — INFO — [main] baseline random beverlyhillscop/article -> val_f1=0.0000 test_f1=0.0000
2026-02-23 19:34:28 — INFO — [main] starting model experiments models=['bert-base-uncased'] seeds=[42, 123, 456] data_fractions=[1.0]
