2026-02-23 19:34:28 — INFO — Log file: /home/sundeep/Autowiki_fandom/data/beverlyhillscop/span_id/20260223_193428_01_run_span_id.log
2026-02-23 19:34:28 — INFO — [main] model domain=beverlyhillscop granularity=sentence
2026-02-23 19:34:28 — INFO — [main] CHECKPOINT model=bert-base-uncased gran=sentence seed=42 frac=1.00
2026-02-23 19:34:28 — INFO — [hf_train] train=2123 val=809 test=509
2026-02-23 19:34:29 — INFO — [hf_train] starting training...
2026-02-23 19:51:19 — INFO — [hf_train] evaluating on validation (model selection)...
2026-02-23 19:51:25 — INFO — [hf_train] evaluating on test (final report)...
2026-02-23 19:51:29 — INFO — [main] training done val_f1=0.7134 test_f1=0.6918 wall_time=1009.4s
2026-02-23 19:51:29 — INFO — [main] done: beverlyhillscop sentence bert-base-uncased seed=42 -> F1=0.6918
2026-02-23 19:51:29 — INFO — [main] CHECKPOINT model=bert-base-uncased gran=sentence seed=123 frac=1.00
2026-02-23 19:51:29 — INFO — [hf_train] train=2123 val=809 test=509
2026-02-23 19:51:30 — INFO — [hf_train] starting training...
2026-02-23 20:08:22 — INFO — [hf_train] evaluating on validation (model selection)...
2026-02-23 20:08:28 — INFO — [hf_train] evaluating on test (final report)...
2026-02-23 20:08:31 — INFO — [main] training done val_f1=0.6832 test_f1=0.7163 wall_time=1011.4s
2026-02-23 20:08:31 — INFO — [main] done: beverlyhillscop sentence bert-base-uncased seed=123 -> F1=0.7163
2026-02-23 20:08:31 — INFO — [main] CHECKPOINT model=bert-base-uncased gran=sentence seed=456 frac=1.00
2026-02-23 20:08:32 — INFO — [hf_train] train=2123 val=809 test=509
2026-02-23 20:08:32 — INFO — [hf_train] starting training...
2026-02-23 20:25:24 — INFO — [hf_train] evaluating on validation (model selection)...
2026-02-23 20:25:30 — INFO — [hf_train] evaluating on test (final report)...
2026-02-23 20:25:34 — INFO — [main] training done val_f1=0.7091 test_f1=0.7079 wall_time=1011.3s
2026-02-23 20:25:34 — INFO — [main] done: beverlyhillscop sentence bert-base-uncased seed=456 -> F1=0.7079
2026-02-23 20:25:34 — INFO — [main] model domain=beverlyhillscop granularity=paragraph
2026-02-23 20:25:34 — INFO — [main] building token dataset domain=beverlyhillscop gran=paragraph model=bert-base-uncased
2026-02-23 20:25:34 — INFO — [build_token_dataset] domain=beverlyhillscop granularity=paragraph model=bert-base-uncased
2026-02-23 20:25:34 — INFO — [build_token_dataset] loaded 1274 units from data/processed/beverlyhillscop/paragraphs_beverlyhillscop.jsonl
2026-02-23 20:25:35 — INFO — [build_token_dataset] wrote data/span_id/beverlyhillscop/token_data/paragraph_bert-base-uncased/train.jsonl (826 examples)
2026-02-23 20:25:35 — INFO — [build_token_dataset] wrote data/span_id/beverlyhillscop/token_data/paragraph_bert-base-uncased/dev.jsonl (255 examples)
2026-02-23 20:25:35 — INFO — [build_token_dataset] wrote data/span_id/beverlyhillscop/token_data/paragraph_bert-base-uncased/test.jsonl (193 examples)
2026-02-23 20:25:35 — INFO — [main] CHECKPOINT model=bert-base-uncased gran=paragraph seed=42 frac=1.00
2026-02-23 20:25:35 — INFO — [hf_train] train=826 val=255 test=193
2026-02-23 20:25:35 — INFO — [hf_train] starting training...
2026-02-23 20:32:23 — INFO — [hf_train] evaluating on validation (model selection)...
2026-02-23 20:32:25 — INFO — [hf_train] evaluating on test (final report)...
2026-02-23 20:32:26 — INFO — [main] training done val_f1=0.6928 test_f1=0.6667 wall_time=407.1s
2026-02-23 20:32:26 — INFO — [main] done: beverlyhillscop paragraph bert-base-uncased seed=42 -> F1=0.6667
2026-02-23 20:32:26 — INFO — [main] CHECKPOINT model=bert-base-uncased gran=paragraph seed=123 frac=1.00
2026-02-23 20:32:27 — INFO — [hf_train] train=826 val=255 test=193
2026-02-23 20:32:27 — INFO — [hf_train] starting training...
2026-02-23 20:39:15 — INFO — [hf_train] evaluating on validation (model selection)...
2026-02-23 20:39:17 — INFO — [hf_train] evaluating on test (final report)...
2026-02-23 20:39:18 — INFO — [main] training done val_f1=0.6774 test_f1=0.6950 wall_time=407.2s
2026-02-23 20:39:18 — INFO — [main] done: beverlyhillscop paragraph bert-base-uncased seed=123 -> F1=0.6950
2026-02-23 20:39:18 — INFO — [main] CHECKPOINT model=bert-base-uncased gran=paragraph seed=456 frac=1.00
2026-02-23 20:39:19 — INFO — [hf_train] train=826 val=255 test=193
2026-02-23 20:39:19 — INFO — [hf_train] starting training...
2026-02-23 20:46:07 — INFO — [hf_train] evaluating on validation (model selection)...
2026-02-23 20:46:09 — INFO — [hf_train] evaluating on test (final report)...
2026-02-23 20:46:10 — INFO — [main] training done val_f1=0.7325 test_f1=0.6936 wall_time=407.1s
2026-02-23 20:46:10 — INFO — [main] done: beverlyhillscop paragraph bert-base-uncased seed=456 -> F1=0.6936
2026-02-23 20:46:10 — INFO — [main] model domain=beverlyhillscop granularity=article
2026-02-23 20:46:10 — INFO — [main] building token dataset domain=beverlyhillscop gran=article model=bert-base-uncased
2026-02-23 20:46:10 — INFO — [build_token_dataset] domain=beverlyhillscop granularity=article model=bert-base-uncased
2026-02-23 20:46:10 — INFO — [build_token_dataset] loaded 129 units from data/processed/beverlyhillscop/articles_page_granularity_beverlyhillscop.jsonl
2026-02-23 20:46:10 — INFO — [build_token_dataset] wrote data/span_id/beverlyhillscop/token_data/article_bert-base-uncased/train.jsonl (90 examples)
2026-02-23 20:46:10 — INFO — [build_token_dataset] wrote data/span_id/beverlyhillscop/token_data/article_bert-base-uncased/dev.jsonl (19 examples)
2026-02-23 20:46:11 — INFO — [build_token_dataset] wrote data/span_id/beverlyhillscop/token_data/article_bert-base-uncased/test.jsonl (20 examples)
2026-02-23 20:46:11 — INFO — [main] CHECKPOINT model=bert-base-uncased gran=article seed=42 frac=1.00
2026-02-23 20:46:11 — INFO — [hf_train] train=90 val=19 test=20
2026-02-23 20:46:11 — INFO — [hf_train] starting training...
2026-02-23 20:47:24 — INFO — [hf_train] evaluating on validation (model selection)...
2026-02-23 20:47:24 — INFO — [hf_train] evaluating on test (final report)...
2026-02-23 20:47:24 — INFO — [main] training done val_f1=0.4602 test_f1=0.3843 wall_time=72.0s
2026-02-23 20:47:24 — INFO — [main] done: beverlyhillscop article bert-base-uncased seed=42 -> F1=0.3843
2026-02-23 20:47:24 — INFO — [main] CHECKPOINT model=bert-base-uncased gran=article seed=123 frac=1.00
2026-02-23 20:47:24 — INFO — [hf_train] train=90 val=19 test=20
2026-02-23 20:47:24 — INFO — [hf_train] starting training...
2026-02-23 20:48:37 — INFO — [hf_train] evaluating on validation (model selection)...
2026-02-23 20:48:37 — INFO — [hf_train] evaluating on test (final report)...
2026-02-23 20:48:37 — INFO — [main] training done val_f1=0.0660 test_f1=0.0190 wall_time=71.9s
2026-02-23 20:48:37 — INFO — [main] done: beverlyhillscop article bert-base-uncased seed=123 -> F1=0.0190
2026-02-23 20:48:37 — INFO — [main] CHECKPOINT model=bert-base-uncased gran=article seed=456 frac=1.00
2026-02-23 20:48:37 — INFO — [hf_train] train=90 val=19 test=20
2026-02-23 20:48:37 — INFO — [hf_train] starting training...
2026-02-23 20:49:50 — INFO — [hf_train] evaluating on validation (model selection)...
2026-02-23 20:49:50 — INFO — [hf_train] evaluating on test (final report)...
2026-02-23 20:49:50 — INFO — [main] training done val_f1=0.5000 test_f1=0.4492 wall_time=71.6s
2026-02-23 20:49:50 — INFO — [main] done: beverlyhillscop article bert-base-uncased seed=456 -> F1=0.4492
2026-02-23 20:49:50 — INFO — [main] run complete. Results appended to data/research/span_id_experiments.csv
